# JRE version: OpenJDK Runtime Environment (17.0.11) (build 17.0.11+0--11852314)
# Java VM: OpenJDK 64-Bit Server VM (17.0.11+0--11852314, mixed mode, tiered, compressed oops, compressed class ptrs, g1 gc, windows-amd64)
GC Precious Log:
 CPUs: 8 total, 8 available
 Memory: 3838M
 Large Page Support: Disabled
 NUMA Support: Disabled
 Compressed Oops: Enabled (32-bit)
 Heap Region Size: 1M
 Heap Min Capacity: 8M
 Heap Initial Capacity: 60M
 Heap Max Capacity: 2G
 Pre-touch: Disabled
 Parallel Workers: 8
 Concurrent Workers: 2
 Concurrent Refinement Workers: 8
 Periodic GC: Disabled
Heap:
 garbage-first heap   total 179200K, used 99328K [0x0000000080000000, 0x0000000100000000)
  region size 1024K, 1 young (1024K), 1 survivors (1024K)
 Metaspace       used 54340K, committed 54848K, reserved 1114112K
  class space    used 7404K, committed 7680K, reserved 1048576K
GC Heap History (20 events):
Event: 10.837 GC heap after
{Heap after GC invocations=26 (full 0):
 garbage-first heap   total 94208K, used 49746K [0x0000000080000000, 0x0000000100000000)
  region size 1024K, 2 young (2048K), 2 survivors (2048K)
 Metaspace       used 49258K, committed 49728K, reserved 1114112K
  class space    used 6605K, committed 6848K, reserved 1048576K
}
Event: 11.265 GC heap before
{Heap before GC invocations=26 (full 0):
 garbage-first heap   total 94208K, used 74322K [0x0000000080000000, 0x0000000100000000)
  region size 1024K, 26 young (26624K), 2 survivors (2048K)
 Metaspace       used 51928K, committed 52416K, reserved 1114112K
  class space    used 7059K, committed 7296K, reserved 1048576K
}
Event: 11.269 GC heap after
{Heap after GC invocations=27 (full 0):
 garbage-first heap   total 94208K, used 50687K [0x0000000080000000, 0x0000000100000000)
  region size 1024K, 2 young (2048K), 2 survivors (2048K)
 Metaspace       used 51928K, committed 52416K, reserved 1114112K
  class space    used 7059K, committed 7296K, reserved 1048576K
}
Event: 11.842 GC heap before
{Heap before GC invocations=28 (full 0):
 garbage-first heap   total 94208K, used 75263K [0x0000000080000000, 0x0000000100000000)
  region size 1024K, 26 young (26624K), 2 survivors (2048K)
 Metaspace       used 53277K, committed 53760K, reserved 1114112K
  class space    used 7284K, committed 7488K, reserved 1048576K
}
Event: 11.848 GC heap after
{Heap after GC invocations=29 (full 0):
 garbage-first heap   total 94208K, used 54651K [0x0000000080000000, 0x0000000100000000)
  region size 1024K, 4 young (4096K), 4 survivors (4096K)
 Metaspace       used 53277K, committed 53760K, reserved 1114112K
  class space    used 7284K, committed 7488K, reserved 1048576K
}
Event: 11.957 GC heap before
{Heap before GC invocations=29 (full 0):
 garbage-first heap   total 94208K, used 74107K [0x0000000080000000, 0x0000000100000000)
  region size 1024K, 24 young (24576K), 4 survivors (4096K)
 Metaspace       used 53684K, committed 54272K, reserved 1114112K
  class space    used 7350K, committed 7616K, reserved 1048576K
}
Event: 11.976 GC heap after
{Heap after GC invocations=30 (full 0):
 garbage-first heap   total 94208K, used 62500K [0x0000000080000000, 0x0000000100000000)
  region size 1024K, 3 young (3072K), 3 survivors (3072K)
 Metaspace       used 53684K, committed 54272K, reserved 1114112K
  class space    used 7350K, committed 7616K, reserved 1048576K
}
Event: 12.063 GC heap before
{Heap before GC invocations=31 (full 0):
 garbage-first heap   total 116736K, used 72740K [0x0000000080000000, 0x0000000100000000)
  region size 1024K, 14 young (14336K), 3 survivors (3072K)
 Metaspace       used 54075K, committed 54656K, reserved 1114112K
  class space    used 7404K, committed 7680K, reserved 1048576K
}
Event: 12.078 GC heap after
{Heap after GC invocations=32 (full 0):
 garbage-first heap   total 140288K, used 67756K [0x0000000080000000, 0x0000000100000000)
  region size 1024K, 2 young (2048K), 2 survivors (2048K)
 Metaspace       used 54075K, committed 54656K, reserved 1114112K
  class space    used 7404K, committed 7680K, reserved 1048576K
}
Event: 12.334 GC heap before
{Heap before GC invocations=32 (full 0):
 garbage-first heap   total 140288K, used 97452K [0x0000000080000000, 0x0000000100000000)
  region size 1024K, 32 young (32768K), 2 survivors (2048K)
 Metaspace       used 54276K, committed 54848K, reserved 1114112K
  class space    used 7405K, committed 7680K, reserved 1048576K
}
Event: 12.371 GC heap after
{Heap after GC invocations=33 (full 0):
 garbage-first heap   total 140288K, used 77961K [0x0000000080000000, 0x0000000100000000)
  region size 1024K, 4 young (4096K), 4 survivors (4096K)
 Metaspace       used 54276K, committed 54848K, reserved 1114112K
  class space    used 7405K, committed 7680K, reserved 1048576K
}
Event: 12.580 GC heap before
{Heap before GC invocations=34 (full 0):
 garbage-first heap   total 145408K, used 101513K [0x0000000080000000, 0x0000000100000000)
  region size 1024K, 28 young (28672K), 4 survivors (4096K)
 Metaspace       used 54288K, committed 54848K, reserved 1114112K
  class space    used 7404K, committed 7680K, reserved 1048576K
}
Event: 12.594 GC heap after
{Heap after GC invocations=35 (full 0):
 garbage-first heap   total 145408K, used 86272K [0x0000000080000000, 0x0000000100000000)
  region size 1024K, 4 young (4096K), 4 survivors (4096K)
 Metaspace       used 54288K, committed 54848K, reserved 1114112K
  class space    used 7404K, committed 7680K, reserved 1048576K
}
Event: 12.611 GC heap before
{Heap before GC invocations=35 (full 0):
 garbage-first heap   total 145408K, used 88320K [0x0000000080000000, 0x0000000100000000)
  region size 1024K, 7 young (7168K), 4 survivors (4096K)
 Metaspace       used 54291K, committed 54848K, reserved 1114112K
  class space    used 7404K, committed 7680K, reserved 1048576K
}
Event: 12.621 GC heap after
{Heap after GC invocations=36 (full 0):
 garbage-first heap   total 145408K, used 87710K [0x0000000080000000, 0x0000000100000000)
  region size 1024K, 1 young (1024K), 1 survivors (1024K)
 Metaspace       used 54291K, committed 54848K, reserved 1114112K
  class space    used 7404K, committed 7680K, reserved 1048576K
}
Event: 12.717 GC heap before
{Heap before GC invocations=36 (full 0):
 garbage-first heap   total 145408K, used 110238K [0x0000000080000000, 0x0000000100000000)
  region size 1024K, 23 young (23552K), 1 survivors (1024K)
 Metaspace       used 54313K, committed 54848K, reserved 1114112K
  class space    used 7404K, committed 7680K, reserved 1048576K
}
Event: 12.727 GC heap after
{Heap after GC invocations=37 (full 0):
 garbage-first heap   total 145408K, used 94856K [0x0000000080000000, 0x0000000100000000)
  region size 1024K, 3 young (3072K), 3 survivors (3072K)
 Metaspace       used 54313K, committed 54848K, reserved 1114112K
  class space    used 7404K, committed 7680K, reserved 1048576K
}
Event: 12.844 GC heap before
{Heap before GC invocations=38 (full 0):
 garbage-first heap   total 179200K, used 111240K [0x0000000080000000, 0x0000000100000000)
  region size 1024K, 21 young (21504K), 3 survivors (3072K)
 Metaspace       used 54340K, committed 54848K, reserved 1114112K
  class space    used 7404K, committed 7680K, reserved 1048576K
}
Event: 12.856 GC heap after
{Heap after GC invocations=39 (full 0):
 garbage-first heap   total 179200K, used 99007K [0x0000000080000000, 0x0000000100000000)
  region size 1024K, 3 young (3072K), 3 survivors (3072K)
 Metaspace       used 54340K, committed 54848K, reserved 1114112K
  class space    used 7404K, committed 7680K, reserved 1048576K
}
Event: 12.908 GC heap before
{Heap before GC invocations=39 (full 0):
 garbage-first heap   total 179200K, used 104127K [0x0000000080000000, 0x0000000100000000)
  region size 1024K, 8 young (8192K), 3 survivors (3072K)
 Metaspace       used 54340K, committed 54848K, reserved 1114112K
  class space    used 7404K, committed 7680K, reserved 1048576K
}

