# JRE version: OpenJDK Runtime Environment (17.0.11) (build 17.0.11+0--11852314)
# Java VM: OpenJDK 64-Bit Server VM (17.0.11+0--11852314, mixed mode, tiered, compressed oops, compressed class ptrs, g1 gc, windows-amd64)
GC Precious Log:
 CPUs: 8 total, 8 available
 Memory: 3838M
 Large Page Support: Disabled
 NUMA Support: Disabled
 Compressed Oops: Enabled (32-bit)
 Heap Region Size: 1M
 Heap Min Capacity: 8M
 Heap Initial Capacity: 60M
 Heap Max Capacity: 2G
 Pre-touch: Disabled
 Parallel Workers: 8
 Concurrent Workers: 2
 Concurrent Refinement Workers: 8
 Periodic GC: Disabled
Heap:
 garbage-first heap   total 162816K, used 98106K [0x0000000080000000, 0x0000000100000000)
  region size 1024K, 1 young (1024K), 1 survivors (1024K)
 Metaspace       used 54394K, committed 54976K, reserved 1114112K
  class space    used 7396K, committed 7680K, reserved 1048576K
GC Heap History (20 events):
Event: 9.048 GC heap after
{Heap after GC invocations=26 (full 0):
 garbage-first heap   total 97280K, used 48468K [0x0000000080000000, 0x0000000100000000)
  region size 1024K, 3 young (3072K), 3 survivors (3072K)
 Metaspace       used 45990K, committed 46464K, reserved 1114112K
  class space    used 6234K, committed 6464K, reserved 1048576K
}
Event: 9.205 GC heap before
{Heap before GC invocations=26 (full 0):
 garbage-first heap   total 97280K, used 56660K [0x0000000080000000, 0x0000000100000000)
  region size 1024K, 13 young (13312K), 3 survivors (3072K)
 Metaspace       used 46494K, committed 46912K, reserved 1114112K
  class space    used 6287K, committed 6464K, reserved 1048576K
}
Event: 9.212 GC heap after
{Heap after GC invocations=27 (full 0):
 garbage-first heap   total 97280K, used 50493K [0x0000000080000000, 0x0000000100000000)
  region size 1024K, 4 young (4096K), 4 survivors (4096K)
 Metaspace       used 46494K, committed 46912K, reserved 1114112K
  class space    used 6287K, committed 6464K, reserved 1048576K
}
Event: 10.239 GC heap before
{Heap before GC invocations=28 (full 0):
 garbage-first heap   total 97280K, used 79165K [0x0000000080000000, 0x0000000100000000)
  region size 1024K, 28 young (28672K), 4 survivors (4096K)
 Metaspace       used 50057K, committed 50496K, reserved 1114112K
  class space    used 6721K, committed 6912K, reserved 1048576K
}
Event: 10.254 GC heap after
{Heap after GC invocations=29 (full 0):
 garbage-first heap   total 97280K, used 51256K [0x0000000080000000, 0x0000000100000000)
  region size 1024K, 3 young (3072K), 3 survivors (3072K)
 Metaspace       used 50057K, committed 50496K, reserved 1114112K
  class space    used 6721K, committed 6912K, reserved 1048576K
}
Event: 15.500 GC heap before
{Heap before GC invocations=29 (full 0):
 garbage-first heap   total 97280K, used 75832K [0x0000000080000000, 0x0000000100000000)
  region size 1024K, 27 young (27648K), 3 survivors (3072K)
 Metaspace       used 52552K, committed 53056K, reserved 1114112K
  class space    used 7163K, committed 7360K, reserved 1048576K
}
Event: 15.523 GC heap after
{Heap after GC invocations=30 (full 0):
 garbage-first heap   total 97280K, used 52356K [0x0000000080000000, 0x0000000100000000)
  region size 1024K, 3 young (3072K), 3 survivors (3072K)
 Metaspace       used 52552K, committed 53056K, reserved 1114112K
  class space    used 7163K, committed 7360K, reserved 1048576K
}
Event: 16.083 GC heap before
{Heap before GC invocations=31 (full 0):
 garbage-first heap   total 97280K, used 76932K [0x0000000080000000, 0x0000000100000000)
  region size 1024K, 28 young (28672K), 3 survivors (3072K)
 Metaspace       used 53414K, committed 53952K, reserved 1114112K
  class space    used 7289K, committed 7552K, reserved 1048576K
}
Event: 16.107 GC heap after
{Heap after GC invocations=32 (full 0):
 garbage-first heap   total 97280K, used 58946K [0x0000000080000000, 0x0000000100000000)
  region size 1024K, 4 young (4096K), 4 survivors (4096K)
 Metaspace       used 53414K, committed 53952K, reserved 1114112K
  class space    used 7289K, committed 7552K, reserved 1048576K
}
Event: 16.112 GC heap before
{Heap before GC invocations=32 (full 0):
 garbage-first heap   total 97280K, used 59970K [0x0000000080000000, 0x0000000100000000)
  region size 1024K, 5 young (5120K), 4 survivors (4096K)
 Metaspace       used 53418K, committed 53952K, reserved 1114112K
  class space    used 7290K, committed 7552K, reserved 1048576K
}
Event: 16.125 GC heap after
{Heap after GC invocations=33 (full 0):
 garbage-first heap   total 135168K, used 59647K [0x0000000080000000, 0x0000000100000000)
  region size 1024K, 1 young (1024K), 1 survivors (1024K)
 Metaspace       used 53418K, committed 53952K, reserved 1114112K
  class space    used 7290K, committed 7552K, reserved 1048576K
}
Event: 16.388 GC heap before
{Heap before GC invocations=33 (full 0):
 garbage-first heap   total 135168K, used 100607K [0x0000000080000000, 0x0000000100000000)
  region size 1024K, 42 young (43008K), 1 survivors (1024K)
 Metaspace       used 54272K, committed 54848K, reserved 1114112K
  class space    used 7396K, committed 7680K, reserved 1048576K
}
Event: 16.414 GC heap after
{Heap after GC invocations=34 (full 0):
 garbage-first heap   total 135168K, used 76715K [0x0000000080000000, 0x0000000100000000)
  region size 1024K, 6 young (6144K), 6 survivors (6144K)
 Metaspace       used 54272K, committed 54848K, reserved 1114112K
  class space    used 7396K, committed 7680K, reserved 1048576K
}
Event: 16.460 GC heap before
{Heap before GC invocations=34 (full 0):
 garbage-first heap   total 135168K, used 89003K [0x0000000080000000, 0x0000000100000000)
  region size 1024K, 20 young (20480K), 6 survivors (6144K)
 Metaspace       used 54303K, committed 54848K, reserved 1114112K
  class space    used 7396K, committed 7680K, reserved 1048576K
}
Event: 16.474 GC heap after
{Heap after GC invocations=35 (full 0):
 garbage-first heap   total 135168K, used 82944K [0x0000000080000000, 0x0000000100000000)
  region size 1024K, 4 young (4096K), 4 survivors (4096K)
 Metaspace       used 54303K, committed 54848K, reserved 1114112K
  class space    used 7396K, committed 7680K, reserved 1048576K
}
Event: 16.582 GC heap before
{Heap before GC invocations=35 (full 0):
 garbage-first heap   total 135168K, used 104448K [0x0000000080000000, 0x0000000100000000)
  region size 1024K, 24 young (24576K), 4 survivors (4096K)
 Metaspace       used 54379K, committed 54912K, reserved 1114112K
  class space    used 7396K, committed 7680K, reserved 1048576K
}
Event: 16.593 GC heap after
{Heap after GC invocations=36 (full 0):
 garbage-first heap   total 135168K, used 91639K [0x0000000080000000, 0x0000000100000000)
  region size 1024K, 3 young (3072K), 3 survivors (3072K)
 Metaspace       used 54379K, committed 54912K, reserved 1114112K
  class space    used 7396K, committed 7680K, reserved 1048576K
}
Event: 16.693 GC heap before
{Heap before GC invocations=37 (full 0):
 garbage-first heap   total 162816K, used 105975K [0x0000000080000000, 0x0000000100000000)
  region size 1024K, 18 young (18432K), 3 survivors (3072K)
 Metaspace       used 54391K, committed 54976K, reserved 1114112K
  class space    used 7396K, committed 7680K, reserved 1048576K
}
Event: 16.703 GC heap after
{Heap after GC invocations=38 (full 0):
 garbage-first heap   total 162816K, used 96677K [0x0000000080000000, 0x0000000100000000)
  region size 1024K, 3 young (3072K), 3 survivors (3072K)
 Metaspace       used 54391K, committed 54976K, reserved 1114112K
  class space    used 7396K, committed 7680K, reserved 1048576K
}
Event: 16.711 GC heap before
{Heap before GC invocations=38 (full 0):
 garbage-first heap   total 162816K, used 100773K [0x0000000080000000, 0x0000000100000000)
  region size 1024K, 7 young (7168K), 3 survivors (3072K)
 Metaspace       used 54394K, committed 54976K, reserved 1114112K
  class space    used 7396K, committed 7680K, reserved 1048576K
}

