# JRE version: OpenJDK Runtime Environment (17.0.11) (build 17.0.11+0--11852314)
# Java VM: OpenJDK 64-Bit Server VM (17.0.11+0--11852314, mixed mode, tiered, compressed oops, compressed class ptrs, g1 gc, windows-amd64)
GC Precious Log:
 CPUs: 8 total, 8 available
 Memory: 3838M
 Large Page Support: Disabled
 NUMA Support: Disabled
 Compressed Oops: Enabled (32-bit)
 Heap Region Size: 1M
 Heap Min Capacity: 8M
 Heap Initial Capacity: 60M
 Heap Max Capacity: 2G
 Pre-touch: Disabled
 Parallel Workers: 8
 Concurrent Workers: 2
 Concurrent Refinement Workers: 8
 Periodic GC: Disabled
Heap:
 garbage-first heap   total 312320K, used 208896K [0x0000000080000000, 0x0000000100000000)
  region size 1024K, 9 young (9216K), 9 survivors (9216K)
 Metaspace       used 61233K, committed 61824K, reserved 1114112K
  class space    used 8286K, committed 8576K, reserved 1048576K
GC Heap History (20 events):
Event: 24.766 GC heap after
{Heap after GC invocations=59 (full 0):
 garbage-first heap   total 237568K, used 88232K [0x0000000080000000, 0x0000000100000000)
  region size 1024K, 8 young (8192K), 8 survivors (8192K)
 Metaspace       used 60267K, committed 60736K, reserved 1114112K
  class space    used 8215K, committed 8448K, reserved 1048576K
}
Event: 25.609 GC heap before
{Heap before GC invocations=59 (full 0):
 garbage-first heap   total 237568K, used 207016K [0x0000000080000000, 0x0000000100000000)
  region size 1024K, 121 young (123904K), 8 survivors (8192K)
 Metaspace       used 60405K, committed 60928K, reserved 1114112K
  class space    used 8237K, committed 8512K, reserved 1048576K
}
Event: 25.621 GC heap after
{Heap after GC invocations=60 (full 0):
 garbage-first heap   total 237568K, used 83531K [0x0000000080000000, 0x0000000100000000)
  region size 1024K, 3 young (3072K), 3 survivors (3072K)
 Metaspace       used 60405K, committed 60928K, reserved 1114112K
  class space    used 8237K, committed 8512K, reserved 1048576K
}
Event: 25.822 GC heap before
{Heap before GC invocations=60 (full 0):
 garbage-first heap   total 237568K, used 207435K [0x0000000080000000, 0x0000000100000000)
  region size 1024K, 124 young (126976K), 3 survivors (3072K)
 Metaspace       used 60415K, committed 60928K, reserved 1114112K
  class space    used 8237K, committed 8512K, reserved 1048576K
}
Event: 25.826 GC heap after
{Heap after GC invocations=61 (full 0):
 garbage-first heap   total 237568K, used 82076K [0x0000000080000000, 0x0000000100000000)
  region size 1024K, 5 young (5120K), 5 survivors (5120K)
 Metaspace       used 60415K, committed 60928K, reserved 1114112K
  class space    used 8237K, committed 8512K, reserved 1048576K
}
Event: 26.376 GC heap before
{Heap before GC invocations=61 (full 0):
 garbage-first heap   total 237568K, used 209052K [0x0000000080000000, 0x0000000100000000)
  region size 1024K, 126 young (129024K), 5 survivors (5120K)
 Metaspace       used 60679K, committed 61184K, reserved 1114112K
  class space    used 8248K, committed 8512K, reserved 1048576K
}
Event: 26.383 GC heap after
{Heap after GC invocations=62 (full 0):
 garbage-first heap   total 237568K, used 86058K [0x0000000080000000, 0x0000000100000000)
  region size 1024K, 6 young (6144K), 6 survivors (6144K)
 Metaspace       used 60679K, committed 61184K, reserved 1114112K
  class space    used 8248K, committed 8512K, reserved 1048576K
}
Event: 26.793 GC heap before
{Heap before GC invocations=62 (full 0):
 garbage-first heap   total 237568K, used 207914K [0x0000000080000000, 0x0000000100000000)
  region size 1024K, 121 young (123904K), 6 survivors (6144K)
 Metaspace       used 60930K, committed 61504K, reserved 1114112K
  class space    used 8282K, committed 8576K, reserved 1048576K
}
Event: 26.801 GC heap after
{Heap after GC invocations=63 (full 0):
 garbage-first heap   total 237568K, used 96442K [0x0000000080000000, 0x0000000100000000)
  region size 1024K, 11 young (11264K), 11 survivors (11264K)
 Metaspace       used 60930K, committed 61504K, reserved 1114112K
  class space    used 8282K, committed 8576K, reserved 1048576K
}
Event: 27.029 GC heap before
{Heap before GC invocations=63 (full 0):
 garbage-first heap   total 237568K, used 200890K [0x0000000080000000, 0x0000000100000000)
  region size 1024K, 113 young (115712K), 11 survivors (11264K)
 Metaspace       used 60933K, committed 61504K, reserved 1114112K
  class space    used 8282K, committed 8576K, reserved 1048576K
}
Event: 27.038 GC heap after
{Heap after GC invocations=64 (full 0):
 garbage-first heap   total 237568K, used 101609K [0x0000000080000000, 0x0000000100000000)
  region size 1024K, 11 young (11264K), 11 survivors (11264K)
 Metaspace       used 60933K, committed 61504K, reserved 1114112K
  class space    used 8282K, committed 8576K, reserved 1048576K
}
Event: 27.268 GC heap before
{Heap before GC invocations=64 (full 0):
 garbage-first heap   total 237568K, used 200937K [0x0000000080000000, 0x0000000100000000)
  region size 1024K, 108 young (110592K), 11 survivors (11264K)
 Metaspace       used 60933K, committed 61504K, reserved 1114112K
  class space    used 8282K, committed 8576K, reserved 1048576K
}
Event: 27.277 GC heap after
{Heap after GC invocations=65 (full 0):
 garbage-first heap   total 285696K, used 107117K [0x0000000080000000, 0x0000000100000000)
  region size 1024K, 11 young (11264K), 11 survivors (11264K)
 Metaspace       used 60933K, committed 61504K, reserved 1114112K
  class space    used 8282K, committed 8576K, reserved 1048576K
}
Event: 27.803 GC heap before
{Heap before GC invocations=65 (full 0):
 garbage-first heap   total 285696K, used 245357K [0x0000000080000000, 0x0000000100000000)
  region size 1024K, 141 young (144384K), 11 survivors (11264K)
 Metaspace       used 61032K, committed 61568K, reserved 1114112K
  class space    used 8283K, committed 8576K, reserved 1048576K
}
Event: 27.863 GC heap after
{Heap after GC invocations=66 (full 0):
 garbage-first heap   total 312320K, used 162550K [0x0000000080000000, 0x0000000100000000)
  region size 1024K, 18 young (18432K), 18 survivors (18432K)
 Metaspace       used 61032K, committed 61568K, reserved 1114112K
  class space    used 8283K, committed 8576K, reserved 1048576K
}
Event: 28.153 GC heap before
{Heap before GC invocations=66 (full 0):
 garbage-first heap   total 312320K, used 243446K [0x0000000080000000, 0x0000000100000000)
  region size 1024K, 96 young (98304K), 18 survivors (18432K)
 Metaspace       used 61128K, committed 61696K, reserved 1114112K
  class space    used 8284K, committed 8576K, reserved 1048576K
}
Event: 28.181 GC heap after
{Heap after GC invocations=67 (full 0):
 garbage-first heap   total 312320K, used 179200K [0x0000000080000000, 0x0000000100000000)
  region size 1024K, 12 young (12288K), 12 survivors (12288K)
 Metaspace       used 61128K, committed 61696K, reserved 1114112K
  class space    used 8284K, committed 8576K, reserved 1048576K
}
Event: 28.346 GC heap before
{Heap before GC invocations=67 (full 0):
 garbage-first heap   total 312320K, used 247808K [0x0000000080000000, 0x0000000100000000)
  region size 1024K, 80 young (81920K), 12 survivors (12288K)
 Metaspace       used 61233K, committed 61824K, reserved 1114112K
  class space    used 8286K, committed 8576K, reserved 1048576K
}
Event: 28.365 GC heap after
{Heap after GC invocations=68 (full 0):
 garbage-first heap   total 312320K, used 193024K [0x0000000080000000, 0x0000000100000000)
  region size 1024K, 10 young (10240K), 10 survivors (10240K)
 Metaspace       used 61233K, committed 61824K, reserved 1114112K
  class space    used 8286K, committed 8576K, reserved 1048576K
}
Event: 28.490 GC heap before
{Heap before GC invocations=68 (full 0):
 garbage-first heap   total 312320K, used 251392K [0x0000000080000000, 0x0000000100000000)
  region size 1024K, 67 young (68608K), 10 survivors (10240K)
 Metaspace       used 61233K, committed 61824K, reserved 1114112K
  class space    used 8286K, committed 8576K, reserved 1048576K
}

