# JRE version: OpenJDK Runtime Environment (17.0.11) (build 17.0.11+0--11852314)
# Java VM: OpenJDK 64-Bit Server VM (17.0.11+0--11852314, mixed mode, tiered, compressed oops, compressed class ptrs, g1 gc, windows-amd64)
GC Precious Log:
 CPUs: 8 total, 8 available
 Memory: 3838M
 Large Page Support: Disabled
 NUMA Support: Disabled
 Compressed Oops: Enabled (32-bit)
 Heap Region Size: 1M
 Heap Min Capacity: 8M
 Heap Initial Capacity: 60M
 Heap Max Capacity: 2G
 Pre-touch: Disabled
 Parallel Workers: 8
 Concurrent Workers: 2
 Concurrent Refinement Workers: 8
 Periodic GC: Disabled
Heap:
 garbage-first heap   total 172032K, used 81779K [0x0000000080000000, 0x0000000100000000)
  region size 1024K, 1 young (1024K), 1 survivors (1024K)
 Metaspace       used 60682K, committed 61248K, reserved 1114112K
  class space    used 8291K, committed 8576K, reserved 1048576K
GC Heap History (20 events):
Event: 7.380 GC heap after
{Heap after GC invocations=18 (full 0):
 garbage-first heap   total 92160K, used 47402K [0x0000000080000000, 0x0000000100000000)
  region size 1024K, 4 young (4096K), 4 survivors (4096K)
 Metaspace       used 48941K, committed 49344K, reserved 1114112K
  class space    used 6615K, committed 6784K, reserved 1048576K
}
Event: 8.226 GC heap before
{Heap before GC invocations=19 (full 0):
 garbage-first heap   total 92160K, used 76074K [0x0000000080000000, 0x0000000100000000)
  region size 1024K, 28 young (28672K), 4 survivors (4096K)
 Metaspace       used 51755K, committed 52224K, reserved 1114112K
  class space    used 6933K, committed 7168K, reserved 1048576K
}
Event: 8.242 GC heap after
{Heap after GC invocations=20 (full 0):
 garbage-first heap   total 134144K, used 49750K [0x0000000080000000, 0x0000000100000000)
  region size 1024K, 3 young (3072K), 3 survivors (3072K)
 Metaspace       used 51755K, committed 52224K, reserved 1114112K
  class space    used 6933K, committed 7168K, reserved 1048576K
}
Event: 8.305 GC heap before
{Heap before GC invocations=20 (full 0):
 garbage-first heap   total 134144K, used 52822K [0x0000000080000000, 0x0000000100000000)
  region size 1024K, 6 young (6144K), 3 survivors (3072K)
 Metaspace       used 51835K, committed 52352K, reserved 1114112K
  class space    used 6946K, committed 7168K, reserved 1048576K
}
Event: 8.309 GC heap after
{Heap after GC invocations=21 (full 0):
 garbage-first heap   total 134144K, used 50114K [0x0000000080000000, 0x0000000100000000)
  region size 1024K, 1 young (1024K), 1 survivors (1024K)
 Metaspace       used 51835K, committed 52352K, reserved 1114112K
  class space    used 6946K, committed 7168K, reserved 1048576K
}
Event: 9.178 GC heap before
{Heap before GC invocations=21 (full 0):
 garbage-first heap   total 134144K, used 98242K [0x0000000080000000, 0x0000000100000000)
  region size 1024K, 48 young (49152K), 1 survivors (1024K)
 Metaspace       used 56144K, committed 56576K, reserved 1114112K
  class space    used 7616K, committed 7808K, reserved 1048576K
}
Event: 9.188 GC heap after
{Heap after GC invocations=22 (full 0):
 garbage-first heap   total 134144K, used 51664K [0x0000000080000000, 0x0000000100000000)
  region size 1024K, 2 young (2048K), 2 survivors (2048K)
 Metaspace       used 56144K, committed 56576K, reserved 1114112K
  class space    used 7616K, committed 7808K, reserved 1048576K
}
Event: 9.906 GC heap before
{Heap before GC invocations=22 (full 0):
 garbage-first heap   total 134144K, used 107984K [0x0000000080000000, 0x0000000100000000)
  region size 1024K, 54 young (55296K), 2 survivors (2048K)
 Metaspace       used 59290K, committed 59904K, reserved 1114112K
  class space    used 8151K, committed 8448K, reserved 1048576K
}
Event: 9.912 GC heap after
{Heap after GC invocations=23 (full 0):
 garbage-first heap   total 134144K, used 57247K [0x0000000080000000, 0x0000000100000000)
  region size 1024K, 5 young (5120K), 5 survivors (5120K)
 Metaspace       used 59290K, committed 59904K, reserved 1114112K
  class space    used 8151K, committed 8448K, reserved 1048576K
}
Event: 10.082 GC heap before
{Heap before GC invocations=23 (full 0):
 garbage-first heap   total 134144K, used 106399K [0x0000000080000000, 0x0000000100000000)
  region size 1024K, 53 young (54272K), 5 survivors (5120K)
 Metaspace       used 59291K, committed 59904K, reserved 1114112K
  class space    used 8151K, committed 8448K, reserved 1048576K
}
Event: 10.089 GC heap after
{Heap after GC invocations=24 (full 0):
 garbage-first heap   total 134144K, used 59519K [0x0000000080000000, 0x0000000100000000)
  region size 1024K, 5 young (5120K), 5 survivors (5120K)
 Metaspace       used 59291K, committed 59904K, reserved 1114112K
  class space    used 8151K, committed 8448K, reserved 1048576K
}
Event: 10.247 GC heap before
{Heap before GC invocations=24 (full 0):
 garbage-first heap   total 134144K, used 108671K [0x0000000080000000, 0x0000000100000000)
  region size 1024K, 53 young (54272K), 5 survivors (5120K)
 Metaspace       used 59291K, committed 59904K, reserved 1114112K
  class space    used 8151K, committed 8448K, reserved 1048576K
}
Event: 10.255 GC heap after
{Heap after GC invocations=25 (full 0):
 garbage-first heap   total 172032K, used 62245K [0x0000000080000000, 0x0000000100000000)
  region size 1024K, 5 young (5120K), 5 survivors (5120K)
 Metaspace       used 59291K, committed 59904K, reserved 1114112K
  class space    used 8151K, committed 8448K, reserved 1048576K
}
Event: 10.667 GC heap before
{Heap before GC invocations=25 (full 0):
 garbage-first heap   total 172032K, used 140069K [0x0000000080000000, 0x0000000100000000)
  region size 1024K, 82 young (83968K), 5 survivors (5120K)
 Metaspace       used 59542K, committed 60096K, reserved 1114112K
  class space    used 8184K, committed 8448K, reserved 1048576K
}
Event: 10.685 GC heap after
{Heap after GC invocations=26 (full 0):
 garbage-first heap   total 172032K, used 70197K [0x0000000080000000, 0x0000000100000000)
  region size 1024K, 11 young (11264K), 11 survivors (11264K)
 Metaspace       used 59542K, committed 60096K, reserved 1114112K
  class space    used 8184K, committed 8448K, reserved 1048576K
}
Event: 10.971 GC heap before
{Heap before GC invocations=26 (full 0):
 garbage-first heap   total 172032K, used 137781K [0x0000000080000000, 0x0000000100000000)
  region size 1024K, 74 young (75776K), 11 survivors (11264K)
 Metaspace       used 60330K, committed 60864K, reserved 1114112K
  class space    used 8266K, committed 8512K, reserved 1048576K
}
Event: 11.017 GC heap after
{Heap after GC invocations=27 (full 0):
 garbage-first heap   total 172032K, used 84164K [0x0000000080000000, 0x0000000100000000)
  region size 1024K, 10 young (10240K), 10 survivors (10240K)
 Metaspace       used 60330K, committed 60864K, reserved 1114112K
  class space    used 8266K, committed 8512K, reserved 1048576K
}
Event: 11.338 GC heap before
{Heap before GC invocations=27 (full 0):
 garbage-first heap   total 172032K, used 136388K [0x0000000080000000, 0x0000000100000000)
  region size 1024K, 61 young (62464K), 10 survivors (10240K)
 Metaspace       used 60531K, committed 61056K, reserved 1114112K
  class space    used 8271K, committed 8512K, reserved 1048576K
}
Event: 11.352 GC heap after
{Heap after GC invocations=28 (full 0):
 garbage-first heap   total 172032K, used 82326K [0x0000000080000000, 0x0000000100000000)
  region size 1024K, 2 young (2048K), 2 survivors (2048K)
 Metaspace       used 60531K, committed 61056K, reserved 1114112K
  class space    used 8271K, committed 8512K, reserved 1048576K
}
Event: 11.720 GC heap before
{Heap before GC invocations=28 (full 0):
 garbage-first heap   total 172032K, used 139670K [0x0000000080000000, 0x0000000100000000)
  region size 1024K, 58 young (59392K), 2 survivors (2048K)
 Metaspace       used 60682K, committed 61248K, reserved 1114112K
  class space    used 8291K, committed 8576K, reserved 1048576K
}

