# JRE version: OpenJDK Runtime Environment (17.0.11) (build 17.0.11+0--11852314)
# Java VM: OpenJDK 64-Bit Server VM (17.0.11+0--11852314, mixed mode, tiered, compressed oops, compressed class ptrs, g1 gc, windows-amd64)
GC Precious Log:
 CPUs: 8 total, 8 available
 Memory: 3838M
 Large Page Support: Disabled
 NUMA Support: Disabled
 Compressed Oops: Enabled (32-bit)
 Heap Region Size: 1M
 Heap Min Capacity: 8M
 Heap Initial Capacity: 60M
 Heap Max Capacity: 2G
 Pre-touch: Disabled
 Parallel Workers: 8
 Concurrent Workers: 2
 Concurrent Refinement Workers: 8
 Periodic GC: Disabled
Heap:
 garbage-first heap   total 171008K, used 94526K [0x0000000080000000, 0x0000000100000000)
  region size 1024K, 1 young (1024K), 1 survivors (1024K)
 Metaspace       used 54385K, committed 54912K, reserved 1114112K
  class space    used 7415K, committed 7680K, reserved 1048576K
GC Heap History (20 events):
Event: 10.445 GC heap after
{Heap after GC invocations=29 (full 0):
 garbage-first heap   total 91136K, used 53046K [0x0000000080000000, 0x0000000100000000)
  region size 1024K, 4 young (4096K), 4 survivors (4096K)
 Metaspace       used 53233K, committed 53696K, reserved 1114112K
  class space    used 7282K, committed 7488K, reserved 1048576K
}
Event: 10.532 GC heap before
{Heap before GC invocations=29 (full 0):
 garbage-first heap   total 91136K, used 73526K [0x0000000080000000, 0x0000000100000000)
  region size 1024K, 25 young (25600K), 4 survivors (4096K)
 Metaspace       used 53549K, committed 54144K, reserved 1114112K
  class space    used 7332K, committed 7616K, reserved 1048576K
}
Event: 10.543 GC heap after
{Heap after GC invocations=30 (full 0):
 garbage-first heap   total 91136K, used 61617K [0x0000000080000000, 0x0000000100000000)
  region size 1024K, 4 young (4096K), 4 survivors (4096K)
 Metaspace       used 53549K, committed 54144K, reserved 1114112K
  class space    used 7332K, committed 7616K, reserved 1048576K
}
Event: 10.608 GC heap before
{Heap before GC invocations=31 (full 0):
 garbage-first heap   total 114688K, used 71857K [0x0000000080000000, 0x0000000100000000)
  region size 1024K, 15 young (15360K), 4 survivors (4096K)
 Metaspace       used 53820K, committed 54336K, reserved 1114112K
  class space    used 7373K, committed 7616K, reserved 1048576K
}
Event: 10.619 GC heap after
{Heap after GC invocations=32 (full 0):
 garbage-first heap   total 114688K, used 67154K [0x0000000080000000, 0x0000000100000000)
  region size 1024K, 2 young (2048K), 2 survivors (2048K)
 Metaspace       used 53820K, committed 54336K, reserved 1114112K
  class space    used 7373K, committed 7616K, reserved 1048576K
}
Event: 10.721 GC heap before
{Heap before GC invocations=32 (full 0):
 garbage-first heap   total 114688K, used 84562K [0x0000000080000000, 0x0000000100000000)
  region size 1024K, 20 young (20480K), 2 survivors (2048K)
 Metaspace       used 54176K, committed 54720K, reserved 1114112K
  class space    used 7414K, committed 7680K, reserved 1048576K
}
Event: 10.735 GC heap after
{Heap after GC invocations=33 (full 0):
 garbage-first heap   total 114688K, used 74752K [0x0000000080000000, 0x0000000100000000)
  region size 1024K, 3 young (3072K), 3 survivors (3072K)
 Metaspace       used 54176K, committed 54720K, reserved 1114112K
  class space    used 7414K, committed 7680K, reserved 1048576K
}
Event: 10.878 GC heap before
{Heap before GC invocations=33 (full 0):
 garbage-first heap   total 114688K, used 88064K [0x0000000080000000, 0x0000000100000000)
  region size 1024K, 16 young (16384K), 3 survivors (3072K)
 Metaspace       used 54186K, committed 54720K, reserved 1114112K
  class space    used 7414K, committed 7680K, reserved 1048576K
}
Event: 10.915 GC heap after
{Heap after GC invocations=34 (full 0):
 garbage-first heap   total 144384K, used 80553K [0x0000000080000000, 0x0000000100000000)
  region size 1024K, 2 young (2048K), 2 survivors (2048K)
 Metaspace       used 54186K, committed 54720K, reserved 1114112K
  class space    used 7414K, committed 7680K, reserved 1048576K
}
Event: 11.084 GC heap before
{Heap before GC invocations=35 (full 0):
 garbage-first heap   total 144384K, used 107177K [0x0000000080000000, 0x0000000100000000)
  region size 1024K, 26 young (26624K), 2 survivors (2048K)
 Metaspace       used 54319K, committed 54848K, reserved 1114112K
  class space    used 7415K, committed 7680K, reserved 1048576K
}
Event: 11.097 GC heap after
{Heap after GC invocations=36 (full 0):
 garbage-first heap   total 144384K, used 90706K [0x0000000080000000, 0x0000000100000000)
  region size 1024K, 4 young (4096K), 4 survivors (4096K)
 Metaspace       used 54319K, committed 54848K, reserved 1114112K
  class space    used 7415K, committed 7680K, reserved 1048576K
}
Event: 11.114 GC heap before
{Heap before GC invocations=36 (full 0):
 garbage-first heap   total 144384K, used 93778K [0x0000000080000000, 0x0000000100000000)
  region size 1024K, 7 young (7168K), 4 survivors (4096K)
 Metaspace       used 54332K, committed 54848K, reserved 1114112K
  class space    used 7415K, committed 7680K, reserved 1048576K
}
Event: 11.122 GC heap after
{Heap after GC invocations=37 (full 0):
 garbage-first heap   total 144384K, used 92017K [0x0000000080000000, 0x0000000100000000)
  region size 1024K, 1 young (1024K), 1 survivors (1024K)
 Metaspace       used 54332K, committed 54848K, reserved 1114112K
  class space    used 7415K, committed 7680K, reserved 1048576K
}
Event: 11.196 GC heap before
{Heap before GC invocations=37 (full 0):
 garbage-first heap   total 144384K, used 110449K [0x0000000080000000, 0x0000000100000000)
  region size 1024K, 20 young (20480K), 1 survivors (1024K)
 Metaspace       used 54345K, committed 54848K, reserved 1114112K
  class space    used 7415K, committed 7680K, reserved 1048576K
}
Event: 11.203 GC heap after
{Heap after GC invocations=38 (full 0):
 garbage-first heap   total 144384K, used 98176K [0x0000000080000000, 0x0000000100000000)
  region size 1024K, 3 young (3072K), 3 survivors (3072K)
 Metaspace       used 54345K, committed 54848K, reserved 1114112K
  class space    used 7415K, committed 7680K, reserved 1048576K
}
Event: 11.261 GC heap before
{Heap before GC invocations=38 (full 0):
 garbage-first heap   total 144384K, used 113536K [0x0000000080000000, 0x0000000100000000)
  region size 1024K, 19 young (19456K), 3 survivors (3072K)
 Metaspace       used 54357K, committed 54848K, reserved 1114112K
  class space    used 7415K, committed 7680K, reserved 1048576K
}
Event: 11.270 GC heap after
{Heap after GC invocations=39 (full 0):
 garbage-first heap   total 144384K, used 102896K [0x0000000080000000, 0x0000000100000000)
  region size 1024K, 3 young (3072K), 3 survivors (3072K)
 Metaspace       used 54357K, committed 54848K, reserved 1114112K
  class space    used 7415K, committed 7680K, reserved 1048576K
}
Event: 11.347 GC heap before
{Heap before GC invocations=40 (full 0):
 garbage-first heap   total 171008K, used 114160K [0x0000000080000000, 0x0000000100000000)
  region size 1024K, 16 young (16384K), 3 survivors (3072K)
 Metaspace       used 54361K, committed 54848K, reserved 1114112K
  class space    used 7415K, committed 7680K, reserved 1048576K
}
Event: 11.355 GC heap after
{Heap after GC invocations=41 (full 0):
 garbage-first heap   total 171008K, used 104697K [0x0000000080000000, 0x0000000100000000)
  region size 1024K, 2 young (2048K), 2 survivors (2048K)
 Metaspace       used 54361K, committed 54848K, reserved 1114112K
  class space    used 7415K, committed 7680K, reserved 1048576K
}
Event: 11.387 GC heap before
{Heap before GC invocations=41 (full 0):
 garbage-first heap   total 171008K, used 111865K [0x0000000080000000, 0x0000000100000000)
  region size 1024K, 8 young (8192K), 2 survivors (2048K)
 Metaspace       used 54385K, committed 54912K, reserved 1114112K
  class space    used 7415K, committed 7680K, reserved 1048576K
}

