# JRE version: OpenJDK Runtime Environment (17.0.11) (build 17.0.11+0--11852314)
# Java VM: OpenJDK 64-Bit Server VM (17.0.11+0--11852314, mixed mode, tiered, compressed oops, compressed class ptrs, g1 gc, windows-amd64)
GC Precious Log:
 CPUs: 8 total, 8 available
 Memory: 3838M
 Large Page Support: Disabled
 NUMA Support: Disabled
 Compressed Oops: Enabled (32-bit)
 Heap Region Size: 1M
 Heap Min Capacity: 8M
 Heap Initial Capacity: 60M
 Heap Max Capacity: 2G
 Pre-touch: Disabled
 Parallel Workers: 8
 Concurrent Workers: 2
 Concurrent Refinement Workers: 8
 Periodic GC: Disabled
Heap:
 garbage-first heap   total 396288K, used 121959K [0x0000000080000000, 0x0000000100000000)
  region size 1024K, 41 young (41984K), 12 survivors (12288K)
 Metaspace       used 60858K, committed 61440K, reserved 1114112K
  class space    used 8096K, committed 8320K, reserved 1048576K
GC Heap History (20 events):
Event: 41.642 GC heap before
{Heap before GC invocations=62 (full 0):
 garbage-first heap   total 329728K, used 281293K [0x0000000080000000, 0x0000000100000000)
  region size 1024K, 193 young (197632K), 9 survivors (9216K)
 Metaspace       used 60846K, committed 61440K, reserved 1114112K
  class space    used 8096K, committed 8320K, reserved 1048576K
}
Event: 41.649 GC heap after
{Heap after GC invocations=63 (full 0):
 garbage-first heap   total 329728K, used 85811K [0x0000000080000000, 0x0000000100000000)
  region size 1024K, 11 young (11264K), 11 survivors (11264K)
 Metaspace       used 60846K, committed 61440K, reserved 1114112K
  class space    used 8096K, committed 8320K, reserved 1048576K
}
Event: 41.907 GC heap before
{Heap before GC invocations=63 (full 0):
 garbage-first heap   total 329728K, used 272179K [0x0000000080000000, 0x0000000100000000)
  region size 1024K, 193 young (197632K), 11 survivors (11264K)
 Metaspace       used 60846K, committed 61440K, reserved 1114112K
  class space    used 8096K, committed 8320K, reserved 1048576K
}
Event: 41.913 GC heap after
{Heap after GC invocations=64 (full 0):
 garbage-first heap   total 329728K, used 85476K [0x0000000080000000, 0x0000000100000000)
  region size 1024K, 11 young (11264K), 11 survivors (11264K)
 Metaspace       used 60846K, committed 61440K, reserved 1114112K
  class space    used 8096K, committed 8320K, reserved 1048576K
}
Event: 42.226 GC heap before
{Heap before GC invocations=64 (full 0):
 garbage-first heap   total 329728K, used 272868K [0x0000000080000000, 0x0000000100000000)
  region size 1024K, 193 young (197632K), 11 survivors (11264K)
 Metaspace       used 60847K, committed 61440K, reserved 1114112K
  class space    used 8096K, committed 8320K, reserved 1048576K
}
Event: 42.232 GC heap after
{Heap after GC invocations=65 (full 0):
 garbage-first heap   total 329728K, used 86028K [0x0000000080000000, 0x0000000100000000)
  region size 1024K, 11 young (11264K), 11 survivors (11264K)
 Metaspace       used 60847K, committed 61440K, reserved 1114112K
  class space    used 8096K, committed 8320K, reserved 1048576K
}
Event: 42.638 GC heap before
{Heap before GC invocations=65 (full 0):
 garbage-first heap   total 329728K, used 272396K [0x0000000080000000, 0x0000000100000000)
  region size 1024K, 193 young (197632K), 11 survivors (11264K)
 Metaspace       used 60853K, committed 61440K, reserved 1114112K
  class space    used 8096K, committed 8320K, reserved 1048576K
}
Event: 42.645 GC heap after
{Heap after GC invocations=66 (full 0):
 garbage-first heap   total 329728K, used 86965K [0x0000000080000000, 0x0000000100000000)
  region size 1024K, 12 young (12288K), 12 survivors (12288K)
 Metaspace       used 60853K, committed 61440K, reserved 1114112K
  class space    used 8096K, committed 8320K, reserved 1048576K
}
Event: 43.021 GC heap before
{Heap before GC invocations=66 (full 0):
 garbage-first heap   total 329728K, used 272309K [0x0000000080000000, 0x0000000100000000)
  region size 1024K, 193 young (197632K), 12 survivors (12288K)
 Metaspace       used 60854K, committed 61440K, reserved 1114112K
  class space    used 8096K, committed 8320K, reserved 1048576K
}
Event: 43.028 GC heap after
{Heap after GC invocations=67 (full 0):
 garbage-first heap   total 329728K, used 88783K [0x0000000080000000, 0x0000000100000000)
  region size 1024K, 13 young (13312K), 13 survivors (13312K)
 Metaspace       used 60854K, committed 61440K, reserved 1114112K
  class space    used 8096K, committed 8320K, reserved 1048576K
}
Event: 43.361 GC heap before
{Heap before GC invocations=67 (full 0):
 garbage-first heap   total 329728K, used 273103K [0x0000000080000000, 0x0000000100000000)
  region size 1024K, 193 young (197632K), 13 survivors (13312K)
 Metaspace       used 60854K, committed 61440K, reserved 1114112K
  class space    used 8096K, committed 8320K, reserved 1048576K
}
Event: 43.370 GC heap after
{Heap after GC invocations=68 (full 0):
 garbage-first heap   total 329728K, used 88927K [0x0000000080000000, 0x0000000100000000)
  region size 1024K, 13 young (13312K), 13 survivors (13312K)
 Metaspace       used 60854K, committed 61440K, reserved 1114112K
  class space    used 8096K, committed 8320K, reserved 1048576K
}
Event: 43.732 GC heap before
{Heap before GC invocations=68 (full 0):
 garbage-first heap   total 329728K, used 273247K [0x0000000080000000, 0x0000000100000000)
  region size 1024K, 193 young (197632K), 13 survivors (13312K)
 Metaspace       used 60854K, committed 61440K, reserved 1114112K
  class space    used 8096K, committed 8320K, reserved 1048576K
}
Event: 43.742 GC heap after
{Heap after GC invocations=69 (full 0):
 garbage-first heap   total 329728K, used 89669K [0x0000000080000000, 0x0000000100000000)
  region size 1024K, 14 young (14336K), 14 survivors (14336K)
 Metaspace       used 60854K, committed 61440K, reserved 1114112K
  class space    used 8096K, committed 8320K, reserved 1048576K
}
Event: 44.125 GC heap before
{Heap before GC invocations=69 (full 0):
 garbage-first heap   total 329728K, used 272965K [0x0000000080000000, 0x0000000100000000)
  region size 1024K, 193 young (197632K), 14 survivors (14336K)
 Metaspace       used 60854K, committed 61440K, reserved 1114112K
  class space    used 8096K, committed 8320K, reserved 1048576K
}
Event: 44.134 GC heap after
{Heap after GC invocations=70 (full 0):
 garbage-first heap   total 329728K, used 91768K [0x0000000080000000, 0x0000000100000000)
  region size 1024K, 14 young (14336K), 14 survivors (14336K)
 Metaspace       used 60854K, committed 61440K, reserved 1114112K
  class space    used 8096K, committed 8320K, reserved 1048576K
}
Event: 44.515 GC heap before
{Heap before GC invocations=70 (full 0):
 garbage-first heap   total 329728K, used 275064K [0x0000000080000000, 0x0000000100000000)
  region size 1024K, 193 young (197632K), 14 survivors (14336K)
 Metaspace       used 60855K, committed 61440K, reserved 1114112K
  class space    used 8096K, committed 8320K, reserved 1048576K
}
Event: 44.531 GC heap after
{Heap after GC invocations=71 (full 0):
 garbage-first heap   total 329728K, used 92772K [0x0000000080000000, 0x0000000100000000)
  region size 1024K, 12 young (12288K), 12 survivors (12288K)
 Metaspace       used 60855K, committed 61440K, reserved 1114112K
  class space    used 8096K, committed 8320K, reserved 1048576K
}
Event: 44.838 GC heap before
{Heap before GC invocations=71 (full 0):
 garbage-first heap   total 329728K, used 278116K [0x0000000080000000, 0x0000000100000000)
  region size 1024K, 193 young (197632K), 12 survivors (12288K)
 Metaspace       used 60858K, committed 61440K, reserved 1114112K
  class space    used 8096K, committed 8320K, reserved 1048576K
}
Event: 44.846 GC heap after
{Heap after GC invocations=72 (full 0):
 garbage-first heap   total 396288K, used 93287K [0x0000000080000000, 0x0000000100000000)
  region size 1024K, 12 young (12288K), 12 survivors (12288K)
 Metaspace       used 60858K, committed 61440K, reserved 1114112K
  class space    used 8096K, committed 8320K, reserved 1048576K
}

