# JRE version: OpenJDK Runtime Environment (17.0.11) (build 17.0.11+0--11852314)
# Java VM: OpenJDK 64-Bit Server VM (17.0.11+0--11852314, mixed mode, tiered, compressed oops, compressed class ptrs, g1 gc, windows-amd64)
GC Precious Log:
 CPUs: 8 total, 8 available
 Memory: 3838M
 Large Page Support: Disabled
 NUMA Support: Disabled
 Compressed Oops: Enabled (32-bit)
 Heap Region Size: 1M
 Heap Min Capacity: 8M
 Heap Initial Capacity: 60M
 Heap Max Capacity: 2G
 Pre-touch: Disabled
 Parallel Workers: 8
 Concurrent Workers: 2
 Concurrent Refinement Workers: 8
 Periodic GC: Disabled
Heap:
 garbage-first heap   total 165888K, used 89925K [0x0000000080000000, 0x0000000100000000)
  region size 1024K, 3 young (3072K), 3 survivors (3072K)
 Metaspace       used 54220K, committed 54784K, reserved 1114112K
  class space    used 7407K, committed 7680K, reserved 1048576K
GC Heap History (20 events):
Event: 8.286 GC heap after
{Heap after GC invocations=24 (full 0):
 garbage-first heap   total 75776K, used 47055K [0x0000000080000000, 0x0000000100000000)
  region size 1024K, 3 young (3072K), 3 survivors (3072K)
 Metaspace       used 45750K, committed 46272K, reserved 1114112K
  class space    used 6221K, committed 6464K, reserved 1048576K
}
Event: 8.365 GC heap before
{Heap before GC invocations=25 (full 0):
 garbage-first heap   total 80896K, used 61391K [0x0000000080000000, 0x0000000100000000)
  region size 1024K, 17 young (17408K), 3 survivors (3072K)
 Metaspace       used 45963K, committed 46400K, reserved 1114112K
  class space    used 6236K, committed 6464K, reserved 1048576K
}
Event: 8.369 GC heap after
{Heap after GC invocations=26 (full 0):
 garbage-first heap   total 80896K, used 48602K [0x0000000080000000, 0x0000000100000000)
  region size 1024K, 3 young (3072K), 3 survivors (3072K)
 Metaspace       used 45963K, committed 46400K, reserved 1114112K
  class space    used 6236K, committed 6464K, reserved 1048576K
}
Event: 8.454 GC heap before
{Heap before GC invocations=26 (full 0):
 garbage-first heap   total 80896K, used 56794K [0x0000000080000000, 0x0000000100000000)
  region size 1024K, 13 young (13312K), 3 survivors (3072K)
 Metaspace       used 46473K, committed 46848K, reserved 1114112K
  class space    used 6288K, committed 6464K, reserved 1048576K
}
Event: 8.458 GC heap after
{Heap after GC invocations=27 (full 0):
 garbage-first heap   total 99328K, used 49772K [0x0000000080000000, 0x0000000100000000)
  region size 1024K, 2 young (2048K), 2 survivors (2048K)
 Metaspace       used 46473K, committed 46848K, reserved 1114112K
  class space    used 6288K, committed 6464K, reserved 1048576K
}
Event: 9.020 GC heap before
{Heap before GC invocations=28 (full 0):
 garbage-first heap   total 99328K, used 80492K [0x0000000080000000, 0x0000000100000000)
  region size 1024K, 28 young (28672K), 2 survivors (2048K)
 Metaspace       used 50320K, committed 50752K, reserved 1114112K
  class space    used 6776K, committed 6976K, reserved 1048576K
}
Event: 9.024 GC heap after
{Heap after GC invocations=29 (full 0):
 garbage-first heap   total 99328K, used 50702K [0x0000000080000000, 0x0000000100000000)
  region size 1024K, 3 young (3072K), 3 survivors (3072K)
 Metaspace       used 50320K, committed 50752K, reserved 1114112K
  class space    used 6776K, committed 6976K, reserved 1048576K
}
Event: 9.708 GC heap before
{Heap before GC invocations=29 (full 0):
 garbage-first heap   total 99328K, used 77326K [0x0000000080000000, 0x0000000100000000)
  region size 1024K, 30 young (30720K), 3 survivors (3072K)
 Metaspace       used 52689K, committed 53120K, reserved 1114112K
  class space    used 7174K, committed 7360K, reserved 1048576K
}
Event: 9.714 GC heap after
{Heap after GC invocations=30 (full 0):
 garbage-first heap   total 99328K, used 52299K [0x0000000080000000, 0x0000000100000000)
  region size 1024K, 4 young (4096K), 4 survivors (4096K)
 Metaspace       used 52689K, committed 53120K, reserved 1114112K
  class space    used 7174K, committed 7360K, reserved 1048576K
}
Event: 9.906 GC heap before
{Heap before GC invocations=31 (full 0):
 garbage-first heap   total 99328K, used 77899K [0x0000000080000000, 0x0000000100000000)
  region size 1024K, 30 young (30720K), 4 survivors (4096K)
 Metaspace       used 53503K, committed 54080K, reserved 1114112K
  class space    used 7324K, committed 7616K, reserved 1048576K
}
Event: 9.920 GC heap after
{Heap after GC invocations=32 (full 0):
 garbage-first heap   total 99328K, used 60376K [0x0000000080000000, 0x0000000100000000)
  region size 1024K, 4 young (4096K), 4 survivors (4096K)
 Metaspace       used 53503K, committed 54080K, reserved 1114112K
  class space    used 7324K, committed 7616K, reserved 1048576K
}
Event: 9.980 GC heap before
{Heap before GC invocations=32 (full 0):
 garbage-first heap   total 99328K, used 76760K [0x0000000080000000, 0x0000000100000000)
  region size 1024K, 21 young (21504K), 4 survivors (4096K)
 Metaspace       used 53917K, committed 54464K, reserved 1114112K
  class space    used 7385K, committed 7616K, reserved 1048576K
}
Event: 10.008 GC heap after
{Heap after GC invocations=33 (full 0):
 garbage-first heap   total 99328K, used 68408K [0x0000000080000000, 0x0000000100000000)
  region size 1024K, 3 young (3072K), 3 survivors (3072K)
 Metaspace       used 53917K, committed 54464K, reserved 1114112K
  class space    used 7385K, committed 7616K, reserved 1048576K
}
Event: 10.088 GC heap before
{Heap before GC invocations=34 (full 0):
 garbage-first heap   total 128000K, used 79672K [0x0000000080000000, 0x0000000100000000)
  region size 1024K, 14 young (14336K), 3 survivors (3072K)
 Metaspace       used 54128K, committed 54720K, reserved 1114112K
  class space    used 7407K, committed 7680K, reserved 1048576K
}
Event: 10.103 GC heap after
{Heap after GC invocations=35 (full 0):
 garbage-first heap   total 128000K, used 73971K [0x0000000080000000, 0x0000000100000000)
  region size 1024K, 2 young (2048K), 2 survivors (2048K)
 Metaspace       used 54128K, committed 54720K, reserved 1114112K
  class space    used 7407K, committed 7680K, reserved 1048576K
}
Event: 10.204 GC heap before
{Heap before GC invocations=35 (full 0):
 garbage-first heap   total 128000K, used 94451K [0x0000000080000000, 0x0000000100000000)
  region size 1024K, 22 young (22528K), 2 survivors (2048K)
 Metaspace       used 54212K, committed 54784K, reserved 1114112K
  class space    used 7407K, committed 7680K, reserved 1048576K
}
Event: 10.227 GC heap after
{Heap after GC invocations=36 (full 0):
 garbage-first heap   total 128000K, used 81532K [0x0000000080000000, 0x0000000100000000)
  region size 1024K, 3 young (3072K), 3 survivors (3072K)
 Metaspace       used 54212K, committed 54784K, reserved 1114112K
  class space    used 7407K, committed 7680K, reserved 1048576K
}
Event: 10.240 GC heap before
{Heap before GC invocations=36 (full 0):
 garbage-first heap   total 128000K, used 83580K [0x0000000080000000, 0x0000000100000000)
  region size 1024K, 6 young (6144K), 3 survivors (3072K)
 Metaspace       used 54215K, committed 54784K, reserved 1114112K
  class space    used 7407K, committed 7680K, reserved 1048576K
}
Event: 10.253 GC heap after
{Heap after GC invocations=37 (full 0):
 garbage-first heap   total 128000K, used 83084K [0x0000000080000000, 0x0000000100000000)
  region size 1024K, 2 young (2048K), 2 survivors (2048K)
 Metaspace       used 54215K, committed 54784K, reserved 1114112K
  class space    used 7407K, committed 7680K, reserved 1048576K
}
Event: 10.415 GC heap before
{Heap before GC invocations=37 (full 0):
 garbage-first heap   total 165888K, used 99468K [0x0000000080000000, 0x0000000100000000)
  region size 1024K, 17 young (17408K), 2 survivors (2048K)
 Metaspace       used 54220K, committed 54784K, reserved 1114112K
  class space    used 7407K, committed 7680K, reserved 1048576K
}

