# JRE version: OpenJDK Runtime Environment (17.0.11) (build 17.0.11+0--11852314)
# Java VM: OpenJDK 64-Bit Server VM (17.0.11+0--11852314, mixed mode, tiered, compressed oops, compressed class ptrs, g1 gc, windows-amd64)
GC Precious Log:
 CPUs: 8 total, 8 available
 Memory: 3838M
 Large Page Support: Disabled
 NUMA Support: Disabled
 Compressed Oops: Enabled (32-bit)
 Heap Region Size: 1M
 Heap Min Capacity: 8M
 Heap Initial Capacity: 60M
 Heap Max Capacity: 2G
 Pre-touch: Disabled
 Parallel Workers: 8
 Concurrent Workers: 2
 Concurrent Refinement Workers: 8
 Periodic GC: Disabled
Heap:
 garbage-first heap   total 115712K, used 55085K [0x0000000080000000, 0x0000000100000000)
  region size 1024K, 2 young (2048K), 2 survivors (2048K)
 Metaspace       used 54711K, committed 55168K, reserved 1114112K
  class space    used 7467K, committed 7680K, reserved 1048576K
GC Heap History (20 events):
Event: 7.680 GC heap after
{Heap after GC invocations=21 (full 0):
 garbage-first heap   total 91136K, used 48220K [0x0000000080000000, 0x0000000100000000)
  region size 1024K, 2 young (2048K), 2 survivors (2048K)
 Metaspace       used 47485K, committed 47936K, reserved 1114112K
  class space    used 6318K, committed 6528K, reserved 1048576K
}
Event: 8.297 GC heap before
{Heap before GC invocations=21 (full 0):
 garbage-first heap   total 91136K, used 72796K [0x0000000080000000, 0x0000000100000000)
  region size 1024K, 27 young (27648K), 2 survivors (2048K)
 Metaspace       used 50467K, committed 51008K, reserved 1114112K
  class space    used 6788K, committed 7040K, reserved 1048576K
}
Event: 8.359 GC heap after
{Heap after GC invocations=22 (full 0):
 garbage-first heap   total 91136K, used 49302K [0x0000000080000000, 0x0000000100000000)
  region size 1024K, 3 young (3072K), 3 survivors (3072K)
 Metaspace       used 50467K, committed 51008K, reserved 1114112K
  class space    used 6788K, committed 7040K, reserved 1048576K
}
Event: 9.286 GC heap before
{Heap before GC invocations=23 (full 0):
 garbage-first heap   total 91136K, used 73878K [0x0000000080000000, 0x0000000100000000)
  region size 1024K, 28 young (28672K), 3 survivors (3072K)
 Metaspace       used 53047K, committed 53568K, reserved 1114112K
  class space    used 7270K, committed 7488K, reserved 1048576K
}
Event: 9.296 GC heap after
{Heap after GC invocations=24 (full 0):
 garbage-first heap   total 91136K, used 50326K [0x0000000080000000, 0x0000000100000000)
  region size 1024K, 3 young (3072K), 3 survivors (3072K)
 Metaspace       used 53047K, committed 53568K, reserved 1114112K
  class space    used 7270K, committed 7488K, reserved 1048576K
}
Event: 9.485 GC heap before
{Heap before GC invocations=24 (full 0):
 garbage-first heap   total 91136K, used 55446K [0x0000000080000000, 0x0000000100000000)
  region size 1024K, 9 young (9216K), 3 survivors (3072K)
 Metaspace       used 53613K, committed 54144K, reserved 1114112K
  class space    used 7363K, committed 7616K, reserved 1048576K
}
Event: 9.494 GC heap after
{Heap after GC invocations=25 (full 0):
 garbage-first heap   total 91136K, used 50441K [0x0000000080000000, 0x0000000100000000)
  region size 1024K, 3 young (3072K), 3 survivors (3072K)
 Metaspace       used 53613K, committed 54144K, reserved 1114112K
  class space    used 7363K, committed 7616K, reserved 1048576K
}
Event: 9.606 GC heap before
{Heap before GC invocations=26 (full 0):
 garbage-first heap   total 96256K, used 57609K [0x0000000080000000, 0x0000000100000000)
  region size 1024K, 9 young (9216K), 3 survivors (3072K)
 Metaspace       used 54171K, committed 54720K, reserved 1114112K
  class space    used 7441K, committed 7680K, reserved 1048576K
}
Event: 9.612 GC heap after
{Heap after GC invocations=27 (full 0):
 garbage-first heap   total 115712K, used 54004K [0x0000000080000000, 0x0000000100000000)
  region size 1024K, 2 young (2048K), 2 survivors (2048K)
 Metaspace       used 54171K, committed 54720K, reserved 1114112K
  class space    used 7441K, committed 7680K, reserved 1048576K
}
Event: 9.723 GC heap before
{Heap before GC invocations=28 (full 0):
 garbage-first heap   total 115712K, used 64244K [0x0000000080000000, 0x0000000100000000)
  region size 1024K, 12 young (12288K), 2 survivors (2048K)
 Metaspace       used 54268K, committed 54784K, reserved 1114112K
  class space    used 7442K, committed 7680K, reserved 1048576K
}
Event: 9.736 GC heap after
{Heap after GC invocations=29 (full 0):
 garbage-first heap   total 115712K, used 57967K [0x0000000080000000, 0x0000000100000000)
  region size 1024K, 5 young (5120K), 5 survivors (5120K)
 Metaspace       used 54268K, committed 54784K, reserved 1114112K
  class space    used 7442K, committed 7680K, reserved 1048576K
}
Event: 10.014 GC heap before
{Heap before GC invocations=30 (full 0):
 garbage-first heap   total 115712K, used 87663K [0x0000000080000000, 0x0000000100000000)
  region size 1024K, 33 young (33792K), 5 survivors (5120K)
 Metaspace       used 54443K, committed 54976K, reserved 1114112K
  class space    used 7447K, committed 7680K, reserved 1048576K
}
Event: 10.027 GC heap after
{Heap after GC invocations=31 (full 0):
 garbage-first heap   total 115712K, used 54440K [0x0000000080000000, 0x0000000100000000)
  region size 1024K, 1 young (1024K), 1 survivors (1024K)
 Metaspace       used 54443K, committed 54976K, reserved 1114112K
  class space    used 7447K, committed 7680K, reserved 1048576K
}
Event: 10.284 GC heap before
{Heap before GC invocations=31 (full 0):
 garbage-first heap   total 115712K, used 88232K [0x0000000080000000, 0x0000000100000000)
  region size 1024K, 34 young (34816K), 1 survivors (1024K)
 Metaspace       used 54674K, committed 55168K, reserved 1114112K
  class space    used 7467K, committed 7680K, reserved 1048576K
}
Event: 10.286 GC heap after
{Heap after GC invocations=32 (full 0):
 garbage-first heap   total 115712K, used 54450K [0x0000000080000000, 0x0000000100000000)
  region size 1024K, 1 young (1024K), 1 survivors (1024K)
 Metaspace       used 54674K, committed 55168K, reserved 1114112K
  class space    used 7467K, committed 7680K, reserved 1048576K
}
Event: 10.634 GC heap before
{Heap before GC invocations=33 (full 0):
 garbage-first heap   total 115712K, used 92338K [0x0000000080000000, 0x0000000100000000)
  region size 1024K, 38 young (38912K), 1 survivors (1024K)
 Metaspace       used 54690K, committed 55168K, reserved 1114112K
  class space    used 7467K, committed 7680K, reserved 1048576K
}
Event: 10.637 GC heap after
{Heap after GC invocations=34 (full 0):
 garbage-first heap   total 115712K, used 54492K [0x0000000080000000, 0x0000000100000000)
  region size 1024K, 1 young (1024K), 1 survivors (1024K)
 Metaspace       used 54690K, committed 55168K, reserved 1114112K
  class space    used 7467K, committed 7680K, reserved 1048576K
}
Event: 10.831 GC heap before
{Heap before GC invocations=34 (full 0):
 garbage-first heap   total 115712K, used 93404K [0x0000000080000000, 0x0000000100000000)
  region size 1024K, 39 young (39936K), 1 survivors (1024K)
 Metaspace       used 54709K, committed 55168K, reserved 1114112K
  class space    used 7467K, committed 7680K, reserved 1048576K
}
Event: 10.834 GC heap after
{Heap after GC invocations=35 (full 0):
 garbage-first heap   total 115712K, used 54787K [0x0000000080000000, 0x0000000100000000)
  region size 1024K, 1 young (1024K), 1 survivors (1024K)
 Metaspace       used 54709K, committed 55168K, reserved 1114112K
  class space    used 7467K, committed 7680K, reserved 1048576K
}
Event: 11.006 GC heap before
{Heap before GC invocations=36 (full 0):
 garbage-first heap   total 115712K, used 95747K [0x0000000080000000, 0x0000000100000000)
  region size 1024K, 41 young (41984K), 1 survivors (1024K)
 Metaspace       used 54711K, committed 55168K, reserved 1114112K
  class space    used 7467K, committed 7680K, reserved 1048576K
}

